<?xml version="1.0" encoding="UTF-8"?>
<!-- Generated by org.testng.reporters.JUnitReportReporter -->
<testsuite hostname="michalr-VirtualBox" name="com.epam.file.LinkTest" tests="5" failures="0" timestamp="30 Mar 2016 12:27:27 GMT" time="0.073" errors="0">
  <testcase name="testIfTwoPartiallySameLinksAreNotEqual" time="0.001" classname="com.epam.file.LinkTest"/>
  <testcase name="ifPutUrlItRemoveSlashes" time="0.070" classname="com.epam.file.LinkTest"/>
  <testcase name="testIfTwoDifferentLinksAreNotEqual" time="0.001" classname="com.epam.file.LinkTest"/>
  <testcase name="testSameHashCodeForSameObjects" time="0.000" classname="com.epam.file.LinkTest"/>
  <testcase name="testIfTwoSameLinksAreEqual" time="0.001" classname="com.epam.file.LinkTest"/>
</testsuite> <!-- com.epam.file.LinkTest -->
