<?xml version="1.0" encoding="UTF-8"?>
<!-- Generated by org.testng.reporters.JUnitReportReporter -->
<testsuite hostname="michalr-VirtualBox" name="com.epam.util.UrlUtilsTest" tests="7" failures="0" timestamp="30 Mar 2016 12:27:27 GMT" time="0.004" errors="0">
  <testcase name="testIfUrlIsEmpty" time="0.001" classname="com.epam.util.UrlUtilsTest"/>
  <testcase name="testIfUrlHttpHasHttp" time="0.001" classname="com.epam.util.UrlUtilsTest"/>
  <testcase name="testIfTextIsNotUrl" time="0.000" classname="com.epam.util.UrlUtilsTest"/>
  <testcase name="testIfEmptyStringIsNotUrl" time="0.001" classname="com.epam.util.UrlUtilsTest"/>
  <testcase name="testIfUrlIsUrl" time="0.000" classname="com.epam.util.UrlUtilsTest"/>
  <testcase name="testIfUrlWithOutHttpHasHttp" time="0.001" classname="com.epam.util.UrlUtilsTest"/>
  <testcase name="ifPutUrlItRemoveSlashes" time="0.000" classname="com.epam.util.UrlUtilsTest"/>
</testsuite> <!-- com.epam.util.UrlUtilsTest -->
