<?xml version="1.0" encoding="UTF-8"?>
<!-- Generated by org.testng.reporters.JUnitReportReporter -->
<testsuite hostname="michalr-VirtualBox" name="com.epam.file.FileLinkHandlerTest" tests="9" failures="0" timestamp="30 Mar 2016 12:28:45 GMT" time="0.481" errors="0">
  <testcase name="testClearingURLList" time="0.001" classname="com.epam.file.FileLinkHandlerTest"/>
  <testcase name="testUpdatingURLList" time="0.000" classname="com.epam.file.FileLinkHandlerTest"/>
  <testcase name="testReadingLinksFromOneLineFile" time="0.004" classname="com.epam.file.FileLinkHandlerTest"/>
  <testcase name="testThreePartsContainigReturnsFalse" time="0.001" classname="com.epam.file.FileLinkHandlerTest"/>
  <testcase name="testThreePartsContainigReturnsTrue" time="0.000" classname="com.epam.file.FileLinkHandlerTest"/>
  <testcase name="testUpdatingLineList" time="0.000" classname="com.epam.file.FileLinkHandlerTest"/>
  <testcase name="testWritingToFile" time="0.311" classname="com.epam.file.FileLinkHandlerTest"/>
  <testcase name="testClearingLinkList" time="0.164" classname="com.epam.file.FileLinkHandlerTest"/>
  <testcase name="testReadingLinksFromBlankFile" time="0.000" classname="com.epam.file.FileLinkHandlerTest"/>
</testsuite> <!-- com.epam.file.FileLinkHandlerTest -->
